1660152620640	geckodriver	INFO	Listening on 127.0.0.1:61208
1660152623709	mozrunner::runner	INFO	Running command: "C:\\Program Files\\Mozilla Firefox\\firefox.exe" "--marionette" "--remote-debugging-port" "61209" "--remote-allow-hosts" "localhost" "-no-remote" "-profile" "C:\\Users\\ZZ01FV~1\\AppData\\Local\\Temp\\rust_mozprofileAS1B3B"
1660152624246	Marionette	INFO	Marionette enabled
1660152624250	Marionette	INFO	Listening on port 61218
WebDriver BiDi listening on ws://localhost:61209
Read port: 61218
1660152624376	RemoteAgent	WARN	TLS certificate errors will be ignored for this session
console.warn: SearchSettings: "get: No settings file exists, new profile?" (new NotFoundError("Could not open the file at C:\\Users\\ZZ01FV~1\\AppData\\Local\\Temp\\rust_mozprofileAS1B3B\\search.json.mozlz4", (void 0)))
DevTools listening on ws://localhost:61209/devtools/browser/c4bc971e-a1d3-45c8-ab64-ac32e23415bf
JavaScript warning: https://static.xx.fbcdn.net/rsrc.php/v3iX3c4/y7/l/en_GB/6PFy4xkpW4X.js?_nc_x=Ij3Wp8lg5Kz, line 21: WEBGL_debug_renderer_info is deprecated in Firefox and will be removed. Please use RENDERER.
console.warn: LoginRecipes: "getRecipes: falling back to a synchronous message for:" "https://www.facebook.com"
console.warn: LoginRecipes: "getRecipes: falling back to a synchronous message for:" "https://www.facebook.com"
JavaScript error: resource://gre/modules/LoginManagerParent.jsm, line 136: TypeError: gRecipeManager is null
1660152627955	Marionette	WARN	TimedPromise timed out after 500 ms: stacktrace:
TimedPromise/<@chrome://remote/content/marionette/sync.js:237:24
TimedPromise@chrome://remote/content/marionette/sync.js:222:10
interaction.flushEventLoop@chrome://remote/content/marionette/interaction.js:431:10
webdriverClickElement@chrome://remote/content/marionette/interaction.js:179:31
JavaScript warning: https://static.xx.fbcdn.net/rsrc.php/v3iot34/yp/l/makehaste_jhash/vCdtKXp-L6r.js?_nc_x=WfrlA8WsgP2&_nc_eui2=AeFvdw3iv7l4bg6tx_Hr3a-4c_-HL7as8rJz_4cvtqzysnVF1siLiLtRI3UkzbFFI2A03GIZb1Zq0KIUmL-qLNPM, line 168: WEBGL_debug_renderer_info is deprecated in Firefox and will be removed. Please use RENDERER.
console.warn: LoginRecipes: "getRecipes: falling back to a synchronous message for:" "https://www.facebook.com"
JavaScript error: resource://gre/modules/LoginManagerParent.jsm, line 136: TypeError: gRecipeManager is null
console.warn: LoginRecipes: "getRecipes: falling back to a synchronous message for:" "https://www.facebook.com"
JavaScript error: resource://gre/modules/LoginManagerParent.jsm, line 136: TypeError: gRecipeManager is null
JavaScript error: https://static.xx.fbcdn.net/rsrc.php/v3iDLv4/yF/l/makehaste_jhash/kIzGkb_WumZUGgYg_SEn1MW8lP8jJ5LUNYhUglegFprg79nj1b2ioAWqYtn0DWcXS0yptEtnghTFPqhMkZDmYXM93jjthb5a95K6zuuXIhWJ8sp_abSIIbzByJwB_sDA9_EKxdmSVs0UkejXmTRN1BqGFDBAqFXrwr66l.js?_nc_x=WfrlA8WsgP2&_nc_eui2=AeEWMRwiTmT5CPfl3xmbCxzc16b6TBlvqM3XpvpMGW-ozSRU3ASGMOq1M-fBjN8aZeWzVLptVrvdRO121EqfUvtt, line 634: Error: Minified React error #418; visit https://reactjs.org/docs/error-decoder.html?invariant=418 for the full message or use the non-minified dev environment for full errors and additional helpful warnings.
JavaScript error: https://static.xx.fbcdn.net/rsrc.php/v3iDLv4/yF/l/makehaste_jhash/kIzGkb_WumZUGgYg_SEn1MW8lP8jJ5LUNYhUglegFprg79nj1b2ioAWqYtn0DWcXS0yptEtnghTFPqhMkZDmYXM93jjthb5a95K6zuuXIhWJ8sp_abSIIbzByJwB_sDA9_EKxdmSVs0UkejXmTRN1BqGFDBAqFXrwr66l.js?_nc_x=WfrlA8WsgP2&_nc_eui2=AeEWMRwiTmT5CPfl3xmbCxzc16b6TBlvqM3XpvpMGW-ozSRU3ASGMOq1M-fBjN8aZeWzVLptVrvdRO121EqfUvtt, line 634: Error: Minified React error #422; visit https://reactjs.org/docs/error-decoder.html?invariant=422 for the full message or use the non-minified dev environment for full errors and additional helpful warnings.
JavaScript error: https://static.xx.fbcdn.net/rsrc.php/v3iDLv4/yF/l/makehaste_jhash/kIzGkb_WumZUGgYg_SEn1MW8lP8jJ5LUNYhUglegFprg79nj1b2ioAWqYtn0DWcXS0yptEtnghTFPqhMkZDmYXM93jjthb5a95K6zuuXIhWJ8sp_abSIIbzByJwB_sDA9_EKxdmSVs0UkejXmTRN1BqGFDBAqFXrwr66l.js?_nc_x=WfrlA8WsgP2&_nc_eui2=AeEWMRwiTmT5CPfl3xmbCxzc16b6TBlvqM3XpvpMGW-ozSRU3ASGMOq1M-fBjN8aZeWzVLptVrvdRO121EqfUvtt, line 634: Error: Minified React error #418; visit https://reactjs.org/docs/error-decoder.html?invariant=418 for the full message or use the non-minified dev environment for full errors and additional helpful warnings.
JavaScript error: https://static.xx.fbcdn.net/rsrc.php/v3iDLv4/yF/l/makehaste_jhash/kIzGkb_WumZUGgYg_SEn1MW8lP8jJ5LUNYhUglegFprg79nj1b2ioAWqYtn0DWcXS0yptEtnghTFPqhMkZDmYXM93jjthb5a95K6zuuXIhWJ8sp_abSIIbzByJwB_sDA9_EKxdmSVs0UkejXmTRN1BqGFDBAqFXrwr66l.js?_nc_x=WfrlA8WsgP2&_nc_eui2=AeEWMRwiTmT5CPfl3xmbCxzc16b6TBlvqM3XpvpMGW-ozSRU3ASGMOq1M-fBjN8aZeWzVLptVrvdRO121EqfUvtt, line 634: Error: Minified React error #422; visit https://reactjs.org/docs/error-decoder.html?invariant=422 for the full message or use the non-minified dev environment for full errors and additional helpful warnings.
console.warn: LoginRecipes: "getRecipes: falling back to a synchronous message for:" "https://www.facebook.com"
JavaScript error: resource://gre/modules/LoginManagerParent.jsm, line 136: TypeError: gRecipeManager is null
console.warn: LoginRecipes: "getRecipes: falling back to a synchronous message for:" "https://www.facebook.com"
JavaScript error: resource://gre/modules/LoginManagerParent.jsm, line 136: TypeError: gRecipeManager is null
JavaScript error: , line 0: NS_ERROR_NOT_AVAILABLE
